23-Nov-2018 16:04:03.358 INFO [main] org.apache.coyote.AbstractProtocol.init Initializing ProtocolHandler ["http-nio-8081"]
23-Nov-2018 16:04:03.401 INFO [main] org.apache.tomcat.util.net.NioSelectorPool.getSharedSelector Using a shared selector for servlet write/read
23-Nov-2018 16:04:03.409 INFO [main] org.apache.coyote.AbstractProtocol.init Initializing ProtocolHandler ["http-nio-8040"]
23-Nov-2018 16:04:03.410 INFO [main] org.apache.tomcat.util.net.NioSelectorPool.getSharedSelector Using a shared selector for servlet write/read
23-Nov-2018 16:04:03.411 INFO [main] org.apache.coyote.AbstractProtocol.init Initializing ProtocolHandler ["ajp-nio-8019"]
23-Nov-2018 16:04:03.413 INFO [main] org.apache.tomcat.util.net.NioSelectorPool.getSharedSelector Using a shared selector for servlet write/read
23-Nov-2018 16:04:03.424 INFO [main] org.apache.catalina.core.StandardService.startInternal Starting service [Catalina]
23-Nov-2018 16:04:03.425 INFO [main] org.apache.catalina.core.StandardEngine.startInternal Starting Servlet Engine: Apache Tomcat/8.5.23
23-Nov-2018 16:04:03.450 INFO [localhost-startStop-1] org.apache.catalina.startup.HostConfig.deployDescriptor Deploying configuration descriptor [/opt/jfrog/artifactory/tomcat/conf/Catalina/localhost/artifactory.xml]
23-Nov-2018 16:04:03.450 INFO [localhost-startStop-2] org.apache.catalina.startup.HostConfig.deployDescriptor Deploying configuration descriptor [/opt/jfrog/artifactory/tomcat/conf/Catalina/localhost/access.xml]
23-Nov-2018 16:04:20.932 INFO [localhost-startStop-1] org.apache.catalina.startup.HostConfig.deployDescriptor Deployment of configuration descriptor [/opt/jfrog/artifactory/tomcat/conf/Catalina/localhost/artifactory.xml] has finished in [17,482] ms
23-Nov-2018 16:04:32.501 INFO [localhost-startStop-2] org.apache.catalina.startup.HostConfig.deployDescriptor Deployment of configuration descriptor [/opt/jfrog/artifactory/tomcat/conf/Catalina/localhost/access.xml] has finished in [29,051] ms
23-Nov-2018 16:04:32.517 INFO [localhost-startStop-3] org.apache.catalina.startup.HostConfig.deployDirectory Deploying web application directory [/opt/jfrog/artifactory/tomcat/webapps/ROOT]
23-Nov-2018 16:04:32.692 INFO [localhost-startStop-3] org.apache.catalina.startup.HostConfig.deployDirectory Deployment of web application directory [/opt/jfrog/artifactory/tomcat/webapps/ROOT] has finished in [175] ms
23-Nov-2018 16:04:32.711 INFO [main] org.apache.coyote.AbstractProtocol.start Starting ProtocolHandler ["http-nio-8081"]
23-Nov-2018 16:04:32.756 INFO [main] org.apache.coyote.AbstractProtocol.start Starting ProtocolHandler ["http-nio-8040"]
23-Nov-2018 16:04:32.834 INFO [main] org.apache.coyote.AbstractProtocol.start Starting ProtocolHandler ["ajp-nio-8019"]
23-Nov-2018 16:08:50.188 INFO [main] org.apache.catalina.core.StandardServer.await A valid shutdown command was received via the shutdown port. Stopping the Server instance.
23-Nov-2018 16:08:50.189 INFO [main] org.apache.coyote.AbstractProtocol.pause Pausing ProtocolHandler ["http-nio-8081"]
23-Nov-2018 16:08:50.240 INFO [main] org.apache.coyote.AbstractProtocol.pause Pausing ProtocolHandler ["http-nio-8040"]
23-Nov-2018 16:08:50.291 INFO [main] org.apache.coyote.AbstractProtocol.pause Pausing ProtocolHandler ["ajp-nio-8019"]
23-Nov-2018 16:08:50.342 INFO [main] org.apache.catalina.core.StandardService.stopInternal Stopping service [Catalina]
23-Nov-2018 16:08:50.505 SEVERE [localhost-startStop-5] org.apache.catalina.loader.WebappClassLoaderBase.checkThreadLocalMapForLeaks The web application [artifactory] created a ThreadLocal with key of type [java.lang.ThreadLocal] (value [java.lang.ThreadLocal@517bb35d]) and a value of type [org.springframework.security.core.context.SecurityContextImpl] (value [org.springframework.security.core.context.SecurityContextImpl@ffffffff: Null authentication]) but failed to remove it when the web application was stopped. Threads are going to be renewed over time to try and avoid a probable memory leak.
23-Nov-2018 16:08:50.506 SEVERE [localhost-startStop-5] org.apache.catalina.loader.WebappClassLoaderBase.checkThreadLocalMapForLeaks The web application [artifactory] created a ThreadLocal with key of type [java.lang.ThreadLocal] (value [java.lang.ThreadLocal@517bb35d]) and a value of type [org.springframework.security.core.context.SecurityContextImpl] (value [org.springframework.security.core.context.SecurityContextImpl@ffffffff: Null authentication]) but failed to remove it when the web application was stopped. Threads are going to be renewed over time to try and avoid a probable memory leak.
23-Nov-2018 16:08:50.506 SEVERE [localhost-startStop-5] org.apache.catalina.loader.WebappClassLoaderBase.checkThreadLocalMapForLeaks The web application [artifactory] created a ThreadLocal with key of type [java.lang.ThreadLocal] (value [java.lang.ThreadLocal@517bb35d]) and a value of type [org.springframework.security.core.context.SecurityContextImpl] (value [org.springframework.security.core.context.SecurityContextImpl@ffffffff: Null authentication]) but failed to remove it when the web application was stopped. Threads are going to be renewed over time to try and avoid a probable memory leak.
23-Nov-2018 16:08:50.507 SEVERE [localhost-startStop-5] org.apache.catalina.loader.WebappClassLoaderBase.checkThreadLocalMapForLeaks The web application [artifactory] created a ThreadLocal with key of type [java.lang.ThreadLocal] (value [java.lang.ThreadLocal@517bb35d]) and a value of type [org.springframework.security.core.context.SecurityContextImpl] (value [org.springframework.security.core.context.SecurityContextImpl@ffffffff: Null authentication]) but failed to remove it when the web application was stopped. Threads are going to be renewed over time to try and avoid a probable memory leak.
23-Nov-2018 16:08:50.507 SEVERE [localhost-startStop-5] org.apache.catalina.loader.WebappClassLoaderBase.checkThreadLocalMapForLeaks The web application [artifactory] created a ThreadLocal with key of type [java.lang.ThreadLocal] (value [java.lang.ThreadLocal@517bb35d]) and a value of type [org.springframework.security.core.context.SecurityContextImpl] (value [org.springframework.security.core.context.SecurityContextImpl@ffffffff: Null authentication]) but failed to remove it when the web application was stopped. Threads are going to be renewed over time to try and avoid a probable memory leak.
23-Nov-2018 16:08:50.508 SEVERE [localhost-startStop-5] org.apache.catalina.loader.WebappClassLoaderBase.checkThreadLocalMapForLeaks The web application [artifactory] created a ThreadLocal with key of type [java.lang.ThreadLocal] (value [java.lang.ThreadLocal@517bb35d]) and a value of type [org.springframework.security.core.context.SecurityContextImpl] (value [org.springframework.security.core.context.SecurityContextImpl@ffffffff: Null authentication]) but failed to remove it when the web application was stopped. Threads are going to be renewed over time to try and avoid a probable memory leak.
23-Nov-2018 16:08:50.508 SEVERE [localhost-startStop-5] org.apache.catalina.loader.WebappClassLoaderBase.checkThreadLocalMapForLeaks The web application [artifactory] created a ThreadLocal with key of type [java.lang.ThreadLocal] (value [java.lang.ThreadLocal@517bb35d]) and a value of type [org.springframework.security.core.context.SecurityContextImpl] (value [org.springframework.security.core.context.SecurityContextImpl@ffffffff: Null authentication]) but failed to remove it when the web application was stopped. Threads are going to be renewed over time to try and avoid a probable memory leak.
23-Nov-2018 16:08:50.508 SEVERE [localhost-startStop-5] org.apache.catalina.loader.WebappClassLoaderBase.checkThreadLocalMapForLeaks The web application [artifactory] created a ThreadLocal with key of type [java.lang.ThreadLocal] (value [java.lang.ThreadLocal@517bb35d]) and a value of type [org.springframework.security.core.context.SecurityContextImpl] (value [org.springframework.security.core.context.SecurityContextImpl@ffffffff: Null authentication]) but failed to remove it when the web application was stopped. Threads are going to be renewed over time to try and avoid a probable memory leak.
23-Nov-2018 16:08:50.509 SEVERE [localhost-startStop-5] org.apache.catalina.loader.WebappClassLoaderBase.checkThreadLocalMapForLeaks The web application [artifactory] created a ThreadLocal with key of type [java.lang.ThreadLocal] (value [java.lang.ThreadLocal@517bb35d]) and a value of type [org.springframework.security.core.context.SecurityContextImpl] (value [org.springframework.security.core.context.SecurityContextImpl@ffffffff: Null authentication]) but failed to remove it when the web application was stopped. Threads are going to be renewed over time to try and avoid a probable memory leak.
23-Nov-2018 16:08:50.509 SEVERE [localhost-startStop-5] org.apache.catalina.loader.WebappClassLoaderBase.checkThreadLocalMapForLeaks The web application [artifactory] created a ThreadLocal with key of type [java.lang.ThreadLocal] (value [java.lang.ThreadLocal@517bb35d]) and a value of type [org.springframework.security.core.context.SecurityContextImpl] (value [org.springframework.security.core.context.SecurityContextImpl@ffffffff: Null authentication]) but failed to remove it when the web application was stopped. Threads are going to be renewed over time to try and avoid a probable memory leak.
23-Nov-2018 16:08:50.627 SEVERE [localhost-startStop-4] org.apache.catalina.loader.WebappClassLoaderBase.checkThreadLocalMapForLeaks The web application [access] created a ThreadLocal with key of type [org.jfrog.access.server.service.auth.AuthenticationServiceImpl$1] (value [org.jfrog.access.server.service.auth.AuthenticationServiceImpl$1@5173a7ae]) and a value of type [org.jfrog.access.server.service.auth.model.AnonymousPrincipal] (value [anonymous]) but failed to remove it when the web application was stopped. Threads are going to be renewed over time to try and avoid a probable memory leak.
23-Nov-2018 16:08:50.627 SEVERE [localhost-startStop-4] org.apache.catalina.loader.WebappClassLoaderBase.checkThreadLocalMapForLeaks The web application [access] created a ThreadLocal with key of type [org.jfrog.access.server.service.auth.AuthenticationServiceImpl$1] (value [org.jfrog.access.server.service.auth.AuthenticationServiceImpl$1@5173a7ae]) and a value of type [org.jfrog.access.server.service.auth.model.AnonymousPrincipal] (value [anonymous]) but failed to remove it when the web application was stopped. Threads are going to be renewed over time to try and avoid a probable memory leak.
23-Nov-2018 16:08:50.628 SEVERE [localhost-startStop-4] org.apache.catalina.loader.WebappClassLoaderBase.checkThreadLocalMapForLeaks The web application [access] created a ThreadLocal with key of type [org.jfrog.access.server.service.auth.AuthenticationServiceImpl$1] (value [org.jfrog.access.server.service.auth.AuthenticationServiceImpl$1@5173a7ae]) and a value of type [org.jfrog.access.server.service.auth.model.AnonymousPrincipal] (value [anonymous]) but failed to remove it when the web application was stopped. Threads are going to be renewed over time to try and avoid a probable memory leak.
23-Nov-2018 16:08:50.629 SEVERE [localhost-startStop-4] org.apache.catalina.loader.WebappClassLoaderBase.checkThreadLocalMapForLeaks The web application [access] created a ThreadLocal with key of type [org.jfrog.access.server.service.auth.AuthenticationServiceImpl$1] (value [org.jfrog.access.server.service.auth.AuthenticationServiceImpl$1@5173a7ae]) and a value of type [org.jfrog.access.server.service.auth.model.AnonymousPrincipal] (value [anonymous]) but failed to remove it when the web application was stopped. Threads are going to be renewed over time to try and avoid a probable memory leak.
23-Nov-2018 16:08:50.629 SEVERE [localhost-startStop-4] org.apache.catalina.loader.WebappClassLoaderBase.checkThreadLocalMapForLeaks The web application [access] created a ThreadLocal with key of type [org.jfrog.access.server.service.auth.AuthenticationServiceImpl$1] (value [org.jfrog.access.server.service.auth.AuthenticationServiceImpl$1@5173a7ae]) and a value of type [org.jfrog.access.server.service.auth.model.AnonymousPrincipal] (value [anonymous]) but failed to remove it when the web application was stopped. Threads are going to be renewed over time to try and avoid a probable memory leak.
23-Nov-2018 16:08:50.630 SEVERE [localhost-startStop-4] org.apache.catalina.loader.WebappClassLoaderBase.checkThreadLocalMapForLeaks The web application [access] created a ThreadLocal with key of type [org.jfrog.access.server.service.auth.AuthenticationServiceImpl$1] (value [org.jfrog.access.server.service.auth.AuthenticationServiceImpl$1@5173a7ae]) and a value of type [org.jfrog.access.server.service.auth.model.AnonymousPrincipal] (value [anonymous]) but failed to remove it when the web application was stopped. Threads are going to be renewed over time to try and avoid a probable memory leak.
23-Nov-2018 16:08:50.630 SEVERE [localhost-startStop-4] org.apache.catalina.loader.WebappClassLoaderBase.checkThreadLocalMapForLeaks The web application [access] created a ThreadLocal with key of type [org.jfrog.access.server.service.auth.AuthenticationServiceImpl$1] (value [org.jfrog.access.server.service.auth.AuthenticationServiceImpl$1@5173a7ae]) and a value of type [org.jfrog.access.server.service.auth.model.AnonymousPrincipal] (value [anonymous]) but failed to remove it when the web application was stopped. Threads are going to be renewed over time to try and avoid a probable memory leak.
23-Nov-2018 16:08:50.631 SEVERE [localhost-startStop-4] org.apache.catalina.loader.WebappClassLoaderBase.checkThreadLocalMapForLeaks The web application [access] created a ThreadLocal with key of type [org.jfrog.access.server.service.auth.AuthenticationServiceImpl$1] (value [org.jfrog.access.server.service.auth.AuthenticationServiceImpl$1@5173a7ae]) and a value of type [org.jfrog.access.server.service.auth.model.AnonymousPrincipal] (value [anonymous]) but failed to remove it when the web application was stopped. Threads are going to be renewed over time to try and avoid a probable memory leak.
23-Nov-2018 16:08:50.631 SEVERE [localhost-startStop-4] org.apache.catalina.loader.WebappClassLoaderBase.checkThreadLocalMapForLeaks The web application [access] created a ThreadLocal with key of type [org.jfrog.access.server.service.auth.AuthenticationServiceImpl$1] (value [org.jfrog.access.server.service.auth.AuthenticationServiceImpl$1@5173a7ae]) and a value of type [org.jfrog.access.server.service.auth.model.AnonymousPrincipal] (value [anonymous]) but failed to remove it when the web application was stopped. Threads are going to be renewed over time to try and avoid a probable memory leak.
23-Nov-2018 16:08:50.632 SEVERE [localhost-startStop-4] org.apache.catalina.loader.WebappClassLoaderBase.checkThreadLocalMapForLeaks The web application [access] created a ThreadLocal with key of type [org.jfrog.access.server.service.auth.AuthenticationServiceImpl$1] (value [org.jfrog.access.server.service.auth.AuthenticationServiceImpl$1@5173a7ae]) and a value of type [org.jfrog.access.server.service.auth.model.AnonymousPrincipal] (value [anonymous]) but failed to remove it when the web application was stopped. Threads are going to be renewed over time to try and avoid a probable memory leak.
23-Nov-2018 16:08:50.636 INFO [main] org.apache.coyote.AbstractProtocol.stop Stopping ProtocolHandler ["http-nio-8081"]
23-Nov-2018 16:08:50.638 INFO [main] org.apache.coyote.AbstractProtocol.stop Stopping ProtocolHandler ["http-nio-8040"]
23-Nov-2018 16:08:50.640 INFO [main] org.apache.coyote.AbstractProtocol.stop Stopping ProtocolHandler ["ajp-nio-8019"]
23-Nov-2018 16:08:50.642 INFO [main] org.apache.coyote.AbstractProtocol.destroy Destroying ProtocolHandler ["http-nio-8081"]
23-Nov-2018 16:08:50.642 INFO [main] org.apache.coyote.AbstractProtocol.destroy Destroying ProtocolHandler ["http-nio-8040"]
23-Nov-2018 16:08:50.643 INFO [main] org.apache.coyote.AbstractProtocol.destroy Destroying ProtocolHandler ["ajp-nio-8019"]
23-Nov-2018 16:09:05.429 INFO [main] org.apache.coyote.AbstractProtocol.init Initializing ProtocolHandler ["http-nio-8081"]
23-Nov-2018 16:09:05.468 INFO [main] org.apache.tomcat.util.net.NioSelectorPool.getSharedSelector Using a shared selector for servlet write/read
23-Nov-2018 16:09:05.476 INFO [main] org.apache.coyote.AbstractProtocol.init Initializing ProtocolHandler ["http-nio-8040"]
23-Nov-2018 16:09:05.478 INFO [main] org.apache.tomcat.util.net.NioSelectorPool.getSharedSelector Using a shared selector for servlet write/read
23-Nov-2018 16:09:05.480 INFO [main] org.apache.coyote.AbstractProtocol.init Initializing ProtocolHandler ["ajp-nio-8019"]
23-Nov-2018 16:09:05.484 INFO [main] org.apache.tomcat.util.net.NioSelectorPool.getSharedSelector Using a shared selector for servlet write/read
23-Nov-2018 16:09:05.499 INFO [main] org.apache.catalina.core.StandardService.startInternal Starting service [Catalina]
23-Nov-2018 16:09:05.500 INFO [main] org.apache.catalina.core.StandardEngine.startInternal Starting Servlet Engine: Apache Tomcat/8.5.23
23-Nov-2018 16:09:05.525 INFO [localhost-startStop-2] org.apache.catalina.startup.HostConfig.deployDescriptor Deploying configuration descriptor [/opt/jfrog/artifactory/tomcat/conf/Catalina/localhost/access.xml]
23-Nov-2018 16:09:05.525 INFO [localhost-startStop-1] org.apache.catalina.startup.HostConfig.deployDescriptor Deploying configuration descriptor [/opt/jfrog/artifactory/tomcat/conf/Catalina/localhost/artifactory.xml]
23-Nov-2018 16:09:13.704 INFO [localhost-startStop-1] org.apache.catalina.startup.HostConfig.deployDescriptor Deployment of configuration descriptor [/opt/jfrog/artifactory/tomcat/conf/Catalina/localhost/artifactory.xml] has finished in [8,179] ms
23-Nov-2018 16:09:38.773 INFO [localhost-startStop-2] org.apache.catalina.startup.HostConfig.deployDescriptor Deployment of configuration descriptor [/opt/jfrog/artifactory/tomcat/conf/Catalina/localhost/access.xml] has finished in [33,249] ms
23-Nov-2018 16:09:38.778 INFO [localhost-startStop-3] org.apache.catalina.startup.HostConfig.deployDirectory Deploying web application directory [/opt/jfrog/artifactory/tomcat/webapps/ROOT]
23-Nov-2018 16:09:38.851 INFO [localhost-startStop-3] org.apache.catalina.startup.HostConfig.deployDirectory Deployment of web application directory [/opt/jfrog/artifactory/tomcat/webapps/ROOT] has finished in [73] ms
23-Nov-2018 16:09:38.863 INFO [main] org.apache.coyote.AbstractProtocol.start Starting ProtocolHandler ["http-nio-8081"]
23-Nov-2018 16:09:38.936 INFO [main] org.apache.coyote.AbstractProtocol.start Starting ProtocolHandler ["http-nio-8040"]
23-Nov-2018 16:09:39.036 INFO [main] org.apache.coyote.AbstractProtocol.start Starting ProtocolHandler ["ajp-nio-8019"]
