2018-11-23 16:04:07,571 [localhost-startStop-2] [INFO ] (o.j.a.c.AccessApplicationContextInitializer:46) - Using JFrog Access home at '/opt/jfrog/artifactory/access'
2018-11-23 16:04:07,584 [localhost-startStop-2] [INFO ] (o.j.a.AccessApplication:48) - Starting AccessApplication v3.2.3 on dabcea79fb82 with PID 231 (/opt/jfrog/artifactory/tomcat/webapps/access/WEB-INF/lib/access-application-3.2.3.jar started by artifactory in /)
2018-11-23 16:04:07,585 [localhost-startStop-2] [INFO ] (o.j.a.AccessApplication:597) - The following profiles are active: production,grpc
2018-11-23 16:04:15,359 [localhost-startStop-2] [INFO ] (o.j.a.s.d.u.AccessJdbcHelperImpl:129) - Database: Apache Derby 10.11.1.1 - (1616546). Driver: Apache Derby Embedded JDBC Driver 10.11.1.1 - (1616546)
2018-11-23 16:04:15,360 [localhost-startStop-2] [INFO ] (o.j.a.s.d.u.AccessJdbcHelperImpl:132) - Connection URL: jdbc:derby:/opt/jfrog/artifactory/data/derby
2018-11-23 16:04:15,676 [localhost-startStop-2] [INFO ] (o.j.a.s.d.u.AccessJdbcHelperImpl:141) - ***Creating database schema***
2018-11-23 16:04:17,007 [localhost-startStop-2] [INFO ] (o.j.a.s.d.u.AccessJdbcHelperImpl:157) - Setting new schema baseline to latest version: 3.4
2018-11-23 16:04:17,986 [localhost-startStop-2] [INFO ] (o.j.a.s.s.c.InternalConfigurationServiceImpl:91) - Configuration data wasn't found in db. Loading defaults
2018-11-23 16:04:18,631 [localhost-startStop-2] [INFO ] (o.j.a.s.s.AccessStartupServiceImpl:83) - No master.key was supplied (system prop or file), attempting to generate new master.key
2018-11-23 16:04:18,713 [localhost-startStop-2] [INFO ] (o.j.a.m.ConfigMigrationRunner:73) - Current version of access.properties is 1, latest version is 2. Applying migrations.
2018-11-23 16:04:18,715 [localhost-startStop-2] [INFO ] (o.j.a.m.ConfigMigrationRunner:73) - Migrating access.properties to version 2
2018-11-23 16:04:18,721 [localhost-startStop-2] [INFO ] (o.j.a.s.s.AccessStartupUtil:37) - [ACCESS BOOTSTRAP] Server name not found in access properties. Setting value to b919cad5-95d8-495e-be14-cf871eb2e322
2018-11-23 16:04:19,343 [localhost-startStop-2] [INFO ] (o.j.a.s.s.t.TokenServiceImpl:100) - Scheduling task for revoking expired tokens using cron expression: 0 0 0/1 * * ?
2018-11-23 16:04:19,389 [localhost-startStop-2] [INFO ] (o.j.a.s.r.c.RpcServiceInvoker:86) - Added service: sync
2018-11-23 16:04:19,869 [localhost-startStop-2] [INFO ] (o.j.a.s.AccessServerBootstrapImpl:93) - [ACCESS BOOTSTRAP] Starting JFrog Access bootstrap...
2018-11-23 16:04:19,876 [localhost-startStop-2] [INFO ] (o.j.a.s.s.CertificateServiceImpl:392) - [ACCESS BOOTSTRAP] Generating private key and root certificate
2018-11-23 16:04:20,535 [localhost-startStop-2] [INFO ] (o.j.a.s.m.CertificateMigrationImpl:71) - [Certificate Migration] Recreating root certificate to match current certificate version
2018-11-23 16:04:20,541 [localhost-startStop-2] [INFO ] (o.j.a.s.m.CertificateMigrationImpl:95) - [Certificate Migration] Creating root certificate for version: null
2018-11-23 16:04:20,953 [localhost-startStop-2] [INFO ] (o.j.a.s.m.CertificateMigrationImpl:82) - [Certificate Migration] Saved new root certificate in: /opt/jfrog/artifactory/access/etc/keys/root.crt
2018-11-23 16:04:21,671 [localhost-startStop-2] [INFO ] (o.j.a.s.AccessServerBootstrapImpl:146) - [ACCESS BOOTSTRAP] Updating server 'b919cad5-95d8-495e-be14-cf871eb2e322' private key finger print to: fb3ffbb26ee49761d1691c98410d396e4a9a5c6e9a7754f15e2e4d7258b4b4eb
2018-11-23 16:04:21,803 [localhost-startStop-2] [INFO ] (o.j.a.s.AccessServerBootstrapImpl:266) - [ACCESS BOOTSTRAP] No admin user exists - generating an admin user, credentials will be saved to: /opt/jfrog/artifactory/access/etc/generated.creds
2018-11-23 16:04:22,036 [localhost-startStop-2] [INFO ] (o.j.a.s.AccessServerBootstrapImpl:310) - [ACCESS BOOTSTRAP] Writing updated credentials to the bundling Artifactory: /opt/jfrog/artifactory/etc/security/access/bootstrap.creds
2018-11-23 16:04:22,046 [localhost-startStop-2] [INFO ] (o.j.a.s.AccessServerBootstrapImpl:245) - [ACCESS BOOTSTRAP] Creating default access admin permission 'jfac@01cx0n0yvq4y3g022a414c0q3q-admin'
2018-11-23 16:04:22,097 [localhost-startStop-2] [INFO ] (o.j.a.s.AccessServerBootstrapImpl:287) - [ACCESS BOOTSTRAP] Assigning user 'access-admin' to admin permission 'jfac@01cx0n0yvq4y3g022a414c0q3q-admin'.
2018-11-23 16:04:22,163 [localhost-startStop-2] [INFO ] (o.j.a.s.AccessServerBootstrapImpl:108) - [ACCESS BOOTSTRAP] JFrog Access bootstrap finished.
2018-11-23 16:04:25,033 [localhost-startStop-2] [INFO ] (o.j.a.s.s.s.RefreshableScheduledJob:56) - Scheduling heartbeat task to run every 5 seconds
2018-11-23 16:04:32,398 [localhost-startStop-2] [INFO ] (o.j.a.AccessApplication:57) - Started AccessApplication in 26.404 seconds (JVM running for 29.786)
2018-11-23 16:04:51,611 [http-nio-8040-exec-5] [INFO ] (o.j.a.s.s.b.AccessImporterExporterImpl:64) - Exporting groups...
2018-11-23 16:04:51,642 [http-nio-8040-exec-5] [INFO ] (o.j.a.s.s.b.AccessImporterExporterImpl:64) - Exporting federation_events...
2018-11-23 16:04:51,657 [http-nio-8040-exec-5] [INFO ] (o.j.a.s.s.b.AccessImporterExporterImpl:64) - Exporting tokens...
2018-11-23 16:04:51,672 [http-nio-8040-exec-5] [INFO ] (o.j.a.s.s.b.AccessImporterExporterImpl:64) - Exporting federation_servers...
2018-11-23 16:04:51,704 [http-nio-8040-exec-5] [INFO ] (o.j.a.s.s.b.AccessImporterExporterImpl:64) - Exporting permissions...
2018-11-23 16:04:51,724 [http-nio-8040-exec-5] [INFO ] (o.j.a.s.s.b.AccessImporterExporterImpl:64) - Exporting servers...
2018-11-23 16:04:51,730 [http-nio-8040-exec-5] [INFO ] (o.j.a.s.s.b.AccessImporterExporterImpl:64) - Exporting users...
2018-11-23 16:04:51,764 [http-nio-8040-exec-5] [INFO ] (o.j.a.s.s.b.AccessImporterExporterImpl:64) - Exporting config...
2018-11-23 16:04:51,780 [http-nio-8040-exec-5] [INFO ] (o.j.a.s.s.b.AccessImporterExporterImpl:64) - Exporting encryption...
2018-11-23 16:04:51,782 [http-nio-8040-exec-5] [INFO ] (o.j.a.s.s.b.AccessImporterExporterImpl:64) - Exporting home...
2018-11-23 16:04:52,546 [http-nio-8040-exec-6] [ERROR] (o.j.a.s.a.s.p.SecurityPermissionEventLogProvider:93) - Could not audit custom data for add customData
2018-11-23 16:04:52,597 [http-nio-8040-exec-8] [ERROR] (o.j.a.s.a.s.p.SecurityPermissionEventLogProvider:93) - Could not audit custom data for add customData
2018-11-23 16:09:09,382 [localhost-startStop-2] [INFO ] (o.j.a.c.AccessApplicationContextInitializer:46) - Using JFrog Access home at '/opt/jfrog/artifactory/access'
2018-11-23 16:09:09,398 [localhost-startStop-2] [INFO ] (o.j.a.AccessApplication:48) - Starting AccessApplication v3.2.3 on dabcea79fb82 with PID 207 (/opt/jfrog/artifactory/tomcat/webapps/access/WEB-INF/lib/access-application-3.2.3.jar started by artifactory in /)
2018-11-23 16:09:09,399 [localhost-startStop-2] [INFO ] (o.j.a.AccessApplication:597) - The following profiles are active: production,grpc
2018-11-23 16:09:21,530 [localhost-startStop-2] [INFO ] (o.j.a.s.d.u.AccessJdbcHelperImpl:129) - Database: Apache Derby 10.11.1.1 - (1616546). Driver: Apache Derby Embedded JDBC Driver 10.11.1.1 - (1616546)
2018-11-23 16:09:21,531 [localhost-startStop-2] [INFO ] (o.j.a.s.d.u.AccessJdbcHelperImpl:132) - Connection URL: jdbc:derby:/opt/jfrog/artifactory/data/derby
2018-11-23 16:09:23,205 [localhost-startStop-2] [INFO ] (o.j.a.s.s.c.InternalConfigurationServiceImpl:94) - Loading configuration from db finished successfully
2018-11-23 16:09:24,232 [localhost-startStop-2] [INFO ] (o.j.a.s.s.AccessStartupServiceImpl:79) - Found master.key file at /opt/jfrog/artifactory/etc/security/master.key, using it as master.key
2018-11-23 16:09:24,989 [localhost-startStop-2] [INFO ] (o.j.a.s.s.t.TokenServiceImpl:100) - Scheduling task for revoking expired tokens using cron expression: 0 0 0/1 * * ?
2018-11-23 16:09:25,136 [localhost-startStop-2] [INFO ] (o.j.a.s.r.c.RpcServiceInvoker:86) - Added service: sync
2018-11-23 16:09:25,955 [localhost-startStop-2] [INFO ] (o.j.a.s.AccessServerBootstrapImpl:93) - [ACCESS BOOTSTRAP] Starting JFrog Access bootstrap...
2018-11-23 16:09:27,096 [localhost-startStop-2] [INFO ] (o.j.a.s.AccessServerBootstrapImpl:146) - [ACCESS BOOTSTRAP] Updating server 'b919cad5-95d8-495e-be14-cf871eb2e322' private key finger print to: fb3ffbb26ee49761d1691c98410d396e4a9a5c6e9a7754f15e2e4d7258b4b4eb
2018-11-23 16:09:27,536 [localhost-startStop-2] [INFO ] (o.j.a.s.AccessServerBootstrapImpl:108) - [ACCESS BOOTSTRAP] JFrog Access bootstrap finished.
2018-11-23 16:09:31,192 [localhost-startStop-2] [INFO ] (o.j.a.s.s.s.RefreshableScheduledJob:56) - Scheduling heartbeat task to run every 5 seconds
2018-11-23 16:09:38,732 [localhost-startStop-2] [INFO ] (o.j.a.AccessApplication:57) - Started AccessApplication in 31.64 seconds (JVM running for 33.932)
2018-11-24 20:59:24,789 [localhost-startStop-2] [INFO ] (o.j.a.c.AccessApplicationContextInitializer:46) - Using JFrog Access home at '/opt/jfrog/artifactory/access'
2018-11-24 20:59:24,813 [localhost-startStop-2] [INFO ] (o.j.a.AccessApplication:48) - Starting AccessApplication v3.2.3 on 3a063891461c with PID 216 (/opt/jfrog/artifactory/tomcat/webapps/access/WEB-INF/lib/access-application-3.2.3.jar started by artifactory in /)
2018-11-24 20:59:24,814 [localhost-startStop-2] [INFO ] (o.j.a.AccessApplication:597) - The following profiles are active: production,grpc
2018-11-24 20:59:32,691 [localhost-startStop-2] [INFO ] (o.j.a.s.d.u.AccessJdbcHelperImpl:129) - Database: Apache Derby 10.11.1.1 - (1616546). Driver: Apache Derby Embedded JDBC Driver 10.11.1.1 - (1616546)
2018-11-24 20:59:32,692 [localhost-startStop-2] [INFO ] (o.j.a.s.d.u.AccessJdbcHelperImpl:132) - Connection URL: jdbc:derby:/opt/jfrog/artifactory/data/derby
2018-11-24 20:59:34,375 [localhost-startStop-2] [INFO ] (o.j.a.s.s.c.InternalConfigurationServiceImpl:94) - Loading configuration from db finished successfully
2018-11-24 20:59:35,253 [localhost-startStop-2] [INFO ] (o.j.a.s.s.AccessStartupServiceImpl:79) - Found master.key file at /opt/jfrog/artifactory/etc/security/master.key, using it as master.key
2018-11-24 20:59:35,810 [localhost-startStop-2] [INFO ] (o.j.a.s.s.t.TokenServiceImpl:100) - Scheduling task for revoking expired tokens using cron expression: 0 0 0/1 * * ?
2018-11-24 20:59:35,876 [localhost-startStop-2] [INFO ] (o.j.a.s.r.c.RpcServiceInvoker:86) - Added service: sync
2018-11-24 20:59:36,386 [localhost-startStop-2] [INFO ] (o.j.a.s.AccessServerBootstrapImpl:93) - [ACCESS BOOTSTRAP] Starting JFrog Access bootstrap...
2018-11-24 20:59:37,186 [localhost-startStop-2] [INFO ] (o.j.a.s.AccessServerBootstrapImpl:146) - [ACCESS BOOTSTRAP] Updating server 'b919cad5-95d8-495e-be14-cf871eb2e322' private key finger print to: fb3ffbb26ee49761d1691c98410d396e4a9a5c6e9a7754f15e2e4d7258b4b4eb
2018-11-24 20:59:37,468 [localhost-startStop-2] [INFO ] (o.j.a.s.AccessServerBootstrapImpl:108) - [ACCESS BOOTSTRAP] JFrog Access bootstrap finished.
2018-11-24 20:59:40,094 [localhost-startStop-2] [INFO ] (o.j.a.s.s.s.RefreshableScheduledJob:56) - Scheduling heartbeat task to run every 5 seconds
2018-11-24 20:59:45,709 [localhost-startStop-2] [INFO ] (o.j.a.AccessApplication:57) - Started AccessApplication in 23.137 seconds (JVM running for 25.693)
2018-11-26 02:00:00,233 [http-nio-8040-exec-1] [INFO ] (o.j.a.s.s.b.AccessImporterExporterImpl:64) - Exporting groups...
2018-11-26 02:00:00,244 [http-nio-8040-exec-1] [INFO ] (o.j.a.s.s.b.AccessImporterExporterImpl:64) - Exporting federation_events...
2018-11-26 02:00:00,258 [http-nio-8040-exec-1] [INFO ] (o.j.a.s.s.b.AccessImporterExporterImpl:64) - Exporting tokens...
2018-11-26 02:00:00,264 [http-nio-8040-exec-1] [INFO ] (o.j.a.s.s.b.AccessImporterExporterImpl:64) - Exporting federation_servers...
2018-11-26 02:00:00,280 [http-nio-8040-exec-1] [INFO ] (o.j.a.s.s.b.AccessImporterExporterImpl:64) - Exporting permissions...
2018-11-26 02:00:00,305 [http-nio-8040-exec-1] [INFO ] (o.j.a.s.s.b.AccessImporterExporterImpl:64) - Exporting servers...
2018-11-26 02:00:00,308 [http-nio-8040-exec-1] [INFO ] (o.j.a.s.s.b.AccessImporterExporterImpl:64) - Exporting users...
2018-11-26 02:00:00,316 [http-nio-8040-exec-1] [INFO ] (o.j.a.s.s.b.AccessImporterExporterImpl:64) - Exporting config...
2018-11-26 02:00:00,322 [http-nio-8040-exec-1] [INFO ] (o.j.a.s.s.b.AccessImporterExporterImpl:64) - Exporting encryption...
2018-11-26 02:00:00,324 [http-nio-8040-exec-1] [INFO ] (o.j.a.s.s.b.AccessImporterExporterImpl:64) - Exporting home...
2018-11-27 02:00:00,351 [http-nio-8040-exec-6] [INFO ] (o.j.a.s.s.b.AccessImporterExporterImpl:64) - Exporting groups...
2018-11-27 02:00:00,359 [http-nio-8040-exec-6] [INFO ] (o.j.a.s.s.b.AccessImporterExporterImpl:64) - Exporting federation_events...
2018-11-27 02:00:00,360 [http-nio-8040-exec-6] [INFO ] (o.j.a.s.s.b.AccessImporterExporterImpl:64) - Exporting tokens...
2018-11-27 02:00:00,365 [http-nio-8040-exec-6] [INFO ] (o.j.a.s.s.b.AccessImporterExporterImpl:64) - Exporting federation_servers...
2018-11-27 02:00:00,366 [http-nio-8040-exec-6] [INFO ] (o.j.a.s.s.b.AccessImporterExporterImpl:64) - Exporting permissions...
2018-11-27 02:00:00,381 [http-nio-8040-exec-6] [INFO ] (o.j.a.s.s.b.AccessImporterExporterImpl:64) - Exporting servers...
2018-11-27 02:00:00,383 [http-nio-8040-exec-6] [INFO ] (o.j.a.s.s.b.AccessImporterExporterImpl:64) - Exporting users...
2018-11-27 02:00:00,392 [http-nio-8040-exec-6] [INFO ] (o.j.a.s.s.b.AccessImporterExporterImpl:64) - Exporting config...
2018-11-27 02:00:00,399 [http-nio-8040-exec-6] [INFO ] (o.j.a.s.s.b.AccessImporterExporterImpl:64) - Exporting encryption...
2018-11-27 02:00:00,400 [http-nio-8040-exec-6] [INFO ] (o.j.a.s.s.b.AccessImporterExporterImpl:64) - Exporting home...
2018-11-28 02:00:00,371 [http-nio-8040-exec-2] [INFO ] (o.j.a.s.s.b.AccessImporterExporterImpl:64) - Exporting groups...
2018-11-28 02:00:00,375 [http-nio-8040-exec-2] [INFO ] (o.j.a.s.s.b.AccessImporterExporterImpl:64) - Exporting federation_events...
2018-11-28 02:00:00,376 [http-nio-8040-exec-2] [INFO ] (o.j.a.s.s.b.AccessImporterExporterImpl:64) - Exporting tokens...
2018-11-28 02:00:00,379 [http-nio-8040-exec-2] [INFO ] (o.j.a.s.s.b.AccessImporterExporterImpl:64) - Exporting federation_servers...
2018-11-28 02:00:00,380 [http-nio-8040-exec-2] [INFO ] (o.j.a.s.s.b.AccessImporterExporterImpl:64) - Exporting permissions...
2018-11-28 02:00:00,388 [http-nio-8040-exec-2] [INFO ] (o.j.a.s.s.b.AccessImporterExporterImpl:64) - Exporting servers...
2018-11-28 02:00:00,391 [http-nio-8040-exec-2] [INFO ] (o.j.a.s.s.b.AccessImporterExporterImpl:64) - Exporting users...
2018-11-28 02:00:00,400 [http-nio-8040-exec-2] [INFO ] (o.j.a.s.s.b.AccessImporterExporterImpl:64) - Exporting config...
2018-11-28 02:00:00,406 [http-nio-8040-exec-2] [INFO ] (o.j.a.s.s.b.AccessImporterExporterImpl:64) - Exporting encryption...
2018-11-28 02:00:00,408 [http-nio-8040-exec-2] [INFO ] (o.j.a.s.s.b.AccessImporterExporterImpl:64) - Exporting home...
2018-11-29 02:00:00,496 [http-nio-8040-exec-8] [INFO ] (o.j.a.s.s.b.AccessImporterExporterImpl:64) - Exporting groups...
2018-11-29 02:00:00,511 [http-nio-8040-exec-8] [INFO ] (o.j.a.s.s.b.AccessImporterExporterImpl:64) - Exporting federation_events...
2018-11-29 02:00:00,514 [http-nio-8040-exec-8] [INFO ] (o.j.a.s.s.b.AccessImporterExporterImpl:64) - Exporting tokens...
2018-11-29 02:00:00,517 [http-nio-8040-exec-8] [INFO ] (o.j.a.s.s.b.AccessImporterExporterImpl:64) - Exporting federation_servers...
2018-11-29 02:00:00,519 [http-nio-8040-exec-8] [INFO ] (o.j.a.s.s.b.AccessImporterExporterImpl:64) - Exporting permissions...
2018-11-29 02:00:00,533 [http-nio-8040-exec-8] [INFO ] (o.j.a.s.s.b.AccessImporterExporterImpl:64) - Exporting servers...
2018-11-29 02:00:00,539 [http-nio-8040-exec-8] [INFO ] (o.j.a.s.s.b.AccessImporterExporterImpl:64) - Exporting users...
2018-11-29 02:00:00,559 [http-nio-8040-exec-8] [INFO ] (o.j.a.s.s.b.AccessImporterExporterImpl:64) - Exporting config...
2018-11-29 02:00:00,567 [http-nio-8040-exec-8] [INFO ] (o.j.a.s.s.b.AccessImporterExporterImpl:64) - Exporting encryption...
2018-11-29 02:00:00,569 [http-nio-8040-exec-8] [INFO ] (o.j.a.s.s.b.AccessImporterExporterImpl:64) - Exporting home...
2018-12-02 08:56:42,532 [localhost-startStop-2] [INFO ] (o.j.a.c.AccessApplicationContextInitializer:46) - Using JFrog Access home at '/opt/jfrog/artifactory/access'
2018-12-02 08:56:42,541 [localhost-startStop-2] [INFO ] (o.j.a.AccessApplication:48) - Starting AccessApplication v3.2.3 on 9dfda89637d4 with PID 216 (/opt/jfrog/artifactory/tomcat/webapps/access/WEB-INF/lib/access-application-3.2.3.jar started by artifactory in /)
2018-12-02 08:56:42,542 [localhost-startStop-2] [INFO ] (o.j.a.AccessApplication:597) - The following profiles are active: production,grpc
2018-12-02 08:56:49,540 [localhost-startStop-2] [INFO ] (o.j.a.s.d.u.AccessJdbcHelperImpl:129) - Database: Apache Derby 10.11.1.1 - (1616546). Driver: Apache Derby Embedded JDBC Driver 10.11.1.1 - (1616546)
2018-12-02 08:56:49,541 [localhost-startStop-2] [INFO ] (o.j.a.s.d.u.AccessJdbcHelperImpl:132) - Connection URL: jdbc:derby:/opt/jfrog/artifactory/data/derby
2018-12-02 08:56:50,890 [localhost-startStop-2] [INFO ] (o.j.a.s.s.c.InternalConfigurationServiceImpl:94) - Loading configuration from db finished successfully
2018-12-02 08:56:51,715 [localhost-startStop-2] [INFO ] (o.j.a.s.s.AccessStartupServiceImpl:79) - Found master.key file at /opt/jfrog/artifactory/etc/security/master.key, using it as master.key
2018-12-02 08:56:52,311 [localhost-startStop-2] [INFO ] (o.j.a.s.s.t.TokenServiceImpl:100) - Scheduling task for revoking expired tokens using cron expression: 0 0 0/1 * * ?
2018-12-02 08:56:52,410 [localhost-startStop-2] [INFO ] (o.j.a.s.r.c.RpcServiceInvoker:86) - Added service: sync
2018-12-02 08:56:52,774 [localhost-startStop-2] [INFO ] (o.j.a.s.AccessServerBootstrapImpl:93) - [ACCESS BOOTSTRAP] Starting JFrog Access bootstrap...
2018-12-02 08:56:53,414 [localhost-startStop-2] [INFO ] (o.j.a.s.AccessServerBootstrapImpl:146) - [ACCESS BOOTSTRAP] Updating server 'b919cad5-95d8-495e-be14-cf871eb2e322' private key finger print to: fb3ffbb26ee49761d1691c98410d396e4a9a5c6e9a7754f15e2e4d7258b4b4eb
2018-12-02 08:56:53,763 [localhost-startStop-2] [INFO ] (o.j.a.s.AccessServerBootstrapImpl:108) - [ACCESS BOOTSTRAP] JFrog Access bootstrap finished.
2018-12-02 08:56:56,207 [localhost-startStop-2] [INFO ] (o.j.a.s.s.s.RefreshableScheduledJob:56) - Scheduling heartbeat task to run every 5 seconds
2018-12-02 08:57:01,108 [localhost-startStop-2] [INFO ] (o.j.a.AccessApplication:57) - Started AccessApplication in 20.335 seconds (JVM running for 22.708)
2018-12-03 02:00:00,219 [http-nio-8040-exec-1] [INFO ] (o.j.a.s.s.b.AccessImporterExporterImpl:64) - Exporting groups...
2018-12-03 02:00:00,229 [http-nio-8040-exec-1] [INFO ] (o.j.a.s.s.b.AccessImporterExporterImpl:64) - Exporting federation_events...
2018-12-03 02:00:00,244 [http-nio-8040-exec-1] [INFO ] (o.j.a.s.s.b.AccessImporterExporterImpl:64) - Exporting tokens...
2018-12-03 02:00:00,253 [http-nio-8040-exec-1] [INFO ] (o.j.a.s.s.b.AccessImporterExporterImpl:64) - Exporting federation_servers...
2018-12-03 02:00:00,272 [http-nio-8040-exec-1] [INFO ] (o.j.a.s.s.b.AccessImporterExporterImpl:64) - Exporting permissions...
2018-12-03 02:00:00,302 [http-nio-8040-exec-1] [INFO ] (o.j.a.s.s.b.AccessImporterExporterImpl:64) - Exporting servers...
2018-12-03 02:00:00,306 [http-nio-8040-exec-1] [INFO ] (o.j.a.s.s.b.AccessImporterExporterImpl:64) - Exporting users...
2018-12-03 02:00:00,315 [http-nio-8040-exec-1] [INFO ] (o.j.a.s.s.b.AccessImporterExporterImpl:64) - Exporting config...
2018-12-03 02:00:00,322 [http-nio-8040-exec-1] [INFO ] (o.j.a.s.s.b.AccessImporterExporterImpl:64) - Exporting encryption...
2018-12-03 02:00:00,323 [http-nio-8040-exec-1] [INFO ] (o.j.a.s.s.b.AccessImporterExporterImpl:64) - Exporting home...
2018-12-04 02:00:00,137 [http-nio-8040-exec-9] [INFO ] (o.j.a.s.s.b.AccessImporterExporterImpl:64) - Exporting groups...
2018-12-04 02:00:00,142 [http-nio-8040-exec-9] [INFO ] (o.j.a.s.s.b.AccessImporterExporterImpl:64) - Exporting federation_events...
2018-12-04 02:00:00,143 [http-nio-8040-exec-9] [INFO ] (o.j.a.s.s.b.AccessImporterExporterImpl:64) - Exporting tokens...
2018-12-04 02:00:00,147 [http-nio-8040-exec-9] [INFO ] (o.j.a.s.s.b.AccessImporterExporterImpl:64) - Exporting federation_servers...
2018-12-04 02:00:00,148 [http-nio-8040-exec-9] [INFO ] (o.j.a.s.s.b.AccessImporterExporterImpl:64) - Exporting permissions...
2018-12-04 02:00:00,161 [http-nio-8040-exec-9] [INFO ] (o.j.a.s.s.b.AccessImporterExporterImpl:64) - Exporting servers...
2018-12-04 02:00:00,164 [http-nio-8040-exec-9] [INFO ] (o.j.a.s.s.b.AccessImporterExporterImpl:64) - Exporting users...
2018-12-04 02:00:00,173 [http-nio-8040-exec-9] [INFO ] (o.j.a.s.s.b.AccessImporterExporterImpl:64) - Exporting config...
2018-12-04 02:00:00,180 [http-nio-8040-exec-9] [INFO ] (o.j.a.s.s.b.AccessImporterExporterImpl:64) - Exporting encryption...
2018-12-04 02:00:00,181 [http-nio-8040-exec-9] [INFO ] (o.j.a.s.s.b.AccessImporterExporterImpl:64) - Exporting home...
2018-12-05 02:00:00,134 [http-nio-8040-exec-2] [INFO ] (o.j.a.s.s.b.AccessImporterExporterImpl:64) - Exporting groups...
2018-12-05 02:00:00,139 [http-nio-8040-exec-2] [INFO ] (o.j.a.s.s.b.AccessImporterExporterImpl:64) - Exporting federation_events...
2018-12-05 02:00:00,140 [http-nio-8040-exec-2] [INFO ] (o.j.a.s.s.b.AccessImporterExporterImpl:64) - Exporting tokens...
2018-12-05 02:00:00,142 [http-nio-8040-exec-2] [INFO ] (o.j.a.s.s.b.AccessImporterExporterImpl:64) - Exporting federation_servers...
2018-12-05 02:00:00,143 [http-nio-8040-exec-2] [INFO ] (o.j.a.s.s.b.AccessImporterExporterImpl:64) - Exporting permissions...
2018-12-05 02:00:00,150 [http-nio-8040-exec-2] [INFO ] (o.j.a.s.s.b.AccessImporterExporterImpl:64) - Exporting servers...
2018-12-05 02:00:00,153 [http-nio-8040-exec-2] [INFO ] (o.j.a.s.s.b.AccessImporterExporterImpl:64) - Exporting users...
2018-12-05 02:00:00,161 [http-nio-8040-exec-2] [INFO ] (o.j.a.s.s.b.AccessImporterExporterImpl:64) - Exporting config...
2018-12-05 02:00:00,169 [http-nio-8040-exec-2] [INFO ] (o.j.a.s.s.b.AccessImporterExporterImpl:64) - Exporting encryption...
2018-12-05 02:00:00,170 [http-nio-8040-exec-2] [INFO ] (o.j.a.s.s.b.AccessImporterExporterImpl:64) - Exporting home...
2018-12-06 02:00:00,167 [http-nio-8040-exec-7] [INFO ] (o.j.a.s.s.b.AccessImporterExporterImpl:64) - Exporting groups...
2018-12-06 02:00:00,170 [http-nio-8040-exec-7] [INFO ] (o.j.a.s.s.b.AccessImporterExporterImpl:64) - Exporting federation_events...
2018-12-06 02:00:00,171 [http-nio-8040-exec-7] [INFO ] (o.j.a.s.s.b.AccessImporterExporterImpl:64) - Exporting tokens...
2018-12-06 02:00:00,173 [http-nio-8040-exec-7] [INFO ] (o.j.a.s.s.b.AccessImporterExporterImpl:64) - Exporting federation_servers...
2018-12-06 02:00:00,173 [http-nio-8040-exec-7] [INFO ] (o.j.a.s.s.b.AccessImporterExporterImpl:64) - Exporting permissions...
2018-12-06 02:00:00,179 [http-nio-8040-exec-7] [INFO ] (o.j.a.s.s.b.AccessImporterExporterImpl:64) - Exporting servers...
2018-12-06 02:00:00,182 [http-nio-8040-exec-7] [INFO ] (o.j.a.s.s.b.AccessImporterExporterImpl:64) - Exporting users...
2018-12-06 02:00:00,192 [http-nio-8040-exec-7] [INFO ] (o.j.a.s.s.b.AccessImporterExporterImpl:64) - Exporting config...
2018-12-06 02:00:00,198 [http-nio-8040-exec-7] [INFO ] (o.j.a.s.s.b.AccessImporterExporterImpl:64) - Exporting encryption...
2018-12-06 02:00:00,199 [http-nio-8040-exec-7] [INFO ] (o.j.a.s.s.b.AccessImporterExporterImpl:64) - Exporting home...
2018-12-07 02:00:00,285 [http-nio-8040-exec-6] [INFO ] (o.j.a.s.s.b.AccessImporterExporterImpl:64) - Exporting groups...
2018-12-07 02:00:00,289 [http-nio-8040-exec-6] [INFO ] (o.j.a.s.s.b.AccessImporterExporterImpl:64) - Exporting federation_events...
2018-12-07 02:00:00,290 [http-nio-8040-exec-6] [INFO ] (o.j.a.s.s.b.AccessImporterExporterImpl:64) - Exporting tokens...
2018-12-07 02:00:00,292 [http-nio-8040-exec-6] [INFO ] (o.j.a.s.s.b.AccessImporterExporterImpl:64) - Exporting federation_servers...
2018-12-07 02:00:00,294 [http-nio-8040-exec-6] [INFO ] (o.j.a.s.s.b.AccessImporterExporterImpl:64) - Exporting permissions...
2018-12-07 02:00:00,298 [http-nio-8040-exec-6] [INFO ] (o.j.a.s.s.b.AccessImporterExporterImpl:64) - Exporting servers...
2018-12-07 02:00:00,300 [http-nio-8040-exec-6] [INFO ] (o.j.a.s.s.b.AccessImporterExporterImpl:64) - Exporting users...
2018-12-07 02:00:00,306 [http-nio-8040-exec-6] [INFO ] (o.j.a.s.s.b.AccessImporterExporterImpl:64) - Exporting config...
2018-12-07 02:00:00,314 [http-nio-8040-exec-6] [INFO ] (o.j.a.s.s.b.AccessImporterExporterImpl:64) - Exporting encryption...
2018-12-07 02:00:00,315 [http-nio-8040-exec-6] [INFO ] (o.j.a.s.s.b.AccessImporterExporterImpl:64) - Exporting home...
2018-12-10 02:00:00,856 [http-nio-8040-exec-7] [INFO ] (o.j.a.s.s.b.AccessImporterExporterImpl:64) - Exporting groups...
2018-12-10 02:00:00,915 [http-nio-8040-exec-7] [INFO ] (o.j.a.s.s.b.AccessImporterExporterImpl:64) - Exporting federation_events...
2018-12-10 02:00:00,918 [http-nio-8040-exec-7] [INFO ] (o.j.a.s.s.b.AccessImporterExporterImpl:64) - Exporting tokens...
2018-12-10 02:00:00,924 [http-nio-8040-exec-7] [INFO ] (o.j.a.s.s.b.AccessImporterExporterImpl:64) - Exporting federation_servers...
2018-12-10 02:00:00,928 [http-nio-8040-exec-7] [INFO ] (o.j.a.s.s.b.AccessImporterExporterImpl:64) - Exporting permissions...
2018-12-10 02:00:00,962 [http-nio-8040-exec-7] [INFO ] (o.j.a.s.s.b.AccessImporterExporterImpl:64) - Exporting servers...
2018-12-10 02:00:00,969 [http-nio-8040-exec-7] [INFO ] (o.j.a.s.s.b.AccessImporterExporterImpl:64) - Exporting users...
2018-12-10 02:00:00,984 [http-nio-8040-exec-7] [INFO ] (o.j.a.s.s.b.AccessImporterExporterImpl:64) - Exporting config...
2018-12-10 02:00:01,005 [http-nio-8040-exec-7] [INFO ] (o.j.a.s.s.b.AccessImporterExporterImpl:64) - Exporting encryption...
2018-12-10 02:00:01,009 [http-nio-8040-exec-7] [INFO ] (o.j.a.s.s.b.AccessImporterExporterImpl:64) - Exporting home...
2018-12-10 19:52:09,723 [jf-access-task1] [INFO ] (o.j.a.s.s.c.s.HeartbeatJob:76) - Refreshing server state after it was considered as staled by peers [last previous successful update 1544471422388]
2018-12-10 19:57:55,594 [jf-access-task1] [INFO ] (o.j.a.s.s.c.InternalConfigurationServiceImpl:94) - Loading configuration from db finished successfully
2018-12-10 19:59:49,254 [jf-access-task1] [INFO ] (o.j.a.s.s.c.s.HeartbeatJob:76) - Refreshing server state after it was considered as staled by peers [last previous successful update 1544471941243]
2018-12-10 20:14:07,083 [jf-access-task1] [INFO ] (o.j.a.s.s.c.InternalConfigurationServiceImpl:94) - Loading configuration from db finished successfully
2018-12-10 20:33:02,142 [jf-access-task1] [INFO ] (o.j.a.s.s.c.s.HeartbeatJob:76) - Refreshing server state after it was considered as staled by peers [last previous successful update 1544473712836]
2018-12-10 21:39:36,357 [jf-access-task1] [INFO ] (o.j.a.s.s.c.InternalConfigurationServiceImpl:94) - Loading configuration from db finished successfully
2018-12-10 22:57:47,280 [jf-access-task1] [INFO ] (o.j.a.s.s.c.s.HeartbeatJob:76) - Refreshing server state after it was considered as staled by peers [last previous successful update 1544481204921]
2018-12-11 00:48:05,346 [jf-access-task1] [INFO ] (o.j.a.s.s.c.InternalConfigurationServiceImpl:94) - Loading configuration from db finished successfully
2018-12-11 01:52:27,856 [jf-access-task1] [INFO ] (o.j.a.s.s.c.s.HeartbeatJob:76) - Refreshing server state after it was considered as staled by peers [last previous successful update 1544492139937]
2018-12-11 02:57:21,189 [jf-access-task1] [INFO ] (o.j.a.s.s.c.InternalConfigurationServiceImpl:94) - Loading configuration from db finished successfully
2018-12-11 04:03:43,796 [jf-access-task1] [INFO ] (o.j.a.s.s.c.s.HeartbeatJob:76) - Refreshing server state after it was considered as staled by peers [last previous successful update 1544500138031]
2018-12-11 05:23:50,275 [jf-access-task1] [INFO ] (o.j.a.s.s.c.InternalConfigurationServiceImpl:94) - Loading configuration from db finished successfully
2018-12-11 06:10:44,471 [jf-access-task1] [INFO ] (o.j.a.s.s.c.s.HeartbeatJob:76) - Refreshing server state after it was considered as staled by peers [last previous successful update 1544507926179]
2018-12-11 07:40:53,650 [jf-access-task1] [INFO ] (o.j.a.s.s.c.InternalConfigurationServiceImpl:94) - Loading configuration from db finished successfully
2018-12-11 07:41:04,855 [http-nio-8040-exec-6] [INFO ] (o.j.a.s.s.b.AccessImporterExporterImpl:64) - Exporting groups...
2018-12-11 07:41:05,103 [http-nio-8040-exec-6] [INFO ] (o.j.a.s.s.b.AccessImporterExporterImpl:64) - Exporting federation_events...
2018-12-11 07:41:05,198 [http-nio-8040-exec-6] [INFO ] (o.j.a.s.s.b.AccessImporterExporterImpl:64) - Exporting tokens...
2018-12-11 07:41:05,202 [http-nio-8040-exec-6] [INFO ] (o.j.a.s.s.b.AccessImporterExporterImpl:64) - Exporting federation_servers...
2018-12-11 07:41:05,214 [http-nio-8040-exec-6] [INFO ] (o.j.a.s.s.b.AccessImporterExporterImpl:64) - Exporting permissions...
2018-12-11 07:41:05,238 [http-nio-8040-exec-6] [INFO ] (o.j.a.s.s.b.AccessImporterExporterImpl:64) - Exporting servers...
2018-12-11 07:41:05,299 [http-nio-8040-exec-6] [INFO ] (o.j.a.s.s.b.AccessImporterExporterImpl:64) - Exporting users...
2018-12-11 07:41:05,406 [http-nio-8040-exec-6] [INFO ] (o.j.a.s.s.b.AccessImporterExporterImpl:64) - Exporting config...
2018-12-11 07:41:05,462 [http-nio-8040-exec-6] [INFO ] (o.j.a.s.s.b.AccessImporterExporterImpl:64) - Exporting encryption...
2018-12-11 07:41:05,473 [http-nio-8040-exec-6] [INFO ] (o.j.a.s.s.b.AccessImporterExporterImpl:64) - Exporting home...
2018-12-11 07:48:01,469 [jf-access-task1] [INFO ] (o.j.a.s.s.c.s.HeartbeatJob:76) - Refreshing server state after it was considered as staled by peers [last previous successful update 1544514229841]
2018-12-11 09:31:48,288 [jf-access-task1] [INFO ] (o.j.a.s.s.c.InternalConfigurationServiceImpl:94) - Loading configuration from db finished successfully
2018-12-11 11:48:32,983 [localhost-startStop-2] [INFO ] (o.j.a.c.AccessApplicationContextInitializer:46) - Using JFrog Access home at '/opt/jfrog/artifactory/access'
2018-12-11 11:48:33,037 [localhost-startStop-2] [INFO ] (o.j.a.AccessApplication:48) - Starting AccessApplication v3.2.3 on 9dfda89637d4 with PID 207 (/opt/jfrog/artifactory/tomcat/webapps/access/WEB-INF/lib/access-application-3.2.3.jar started by artifactory in /)
2018-12-11 11:48:33,038 [localhost-startStop-2] [INFO ] (o.j.a.AccessApplication:597) - The following profiles are active: production,grpc
2018-12-11 11:48:54,134 [localhost-startStop-2] [INFO ] (o.j.a.s.d.u.AccessJdbcHelperImpl:129) - Database: Apache Derby 10.11.1.1 - (1616546). Driver: Apache Derby Embedded JDBC Driver 10.11.1.1 - (1616546)
2018-12-11 11:48:54,136 [localhost-startStop-2] [INFO ] (o.j.a.s.d.u.AccessJdbcHelperImpl:132) - Connection URL: jdbc:derby:/opt/jfrog/artifactory/data/derby
2018-12-11 11:49:00,538 [localhost-startStop-2] [INFO ] (o.j.a.s.s.c.InternalConfigurationServiceImpl:94) - Loading configuration from db finished successfully
2018-12-11 11:49:04,721 [localhost-startStop-2] [INFO ] (o.j.a.s.s.AccessStartupServiceImpl:79) - Found master.key file at /opt/jfrog/artifactory/etc/security/master.key, using it as master.key
2018-12-11 11:49:07,085 [localhost-startStop-2] [INFO ] (o.j.a.s.s.t.TokenServiceImpl:100) - Scheduling task for revoking expired tokens using cron expression: 0 0 0/1 * * ?
2018-12-11 11:49:07,411 [localhost-startStop-2] [INFO ] (o.j.a.s.r.c.RpcServiceInvoker:86) - Added service: sync
2018-12-11 11:49:09,215 [localhost-startStop-2] [INFO ] (o.j.a.s.AccessServerBootstrapImpl:93) - [ACCESS BOOTSTRAP] Starting JFrog Access bootstrap...
2018-12-11 11:49:12,122 [localhost-startStop-2] [INFO ] (o.j.a.s.AccessServerBootstrapImpl:146) - [ACCESS BOOTSTRAP] Updating server 'b919cad5-95d8-495e-be14-cf871eb2e322' private key finger print to: fb3ffbb26ee49761d1691c98410d396e4a9a5c6e9a7754f15e2e4d7258b4b4eb
2018-12-11 11:49:13,394 [localhost-startStop-2] [INFO ] (o.j.a.s.AccessServerBootstrapImpl:108) - [ACCESS BOOTSTRAP] JFrog Access bootstrap finished.
2018-12-11 11:49:24,499 [localhost-startStop-2] [INFO ] (o.j.a.s.s.s.RefreshableScheduledJob:56) - Scheduling heartbeat task to run every 5 seconds
2018-12-11 11:49:47,357 [localhost-startStop-2] [INFO ] (o.j.a.AccessApplication:57) - Started AccessApplication in 82.91 seconds (JVM running for 93.507)
